{"timestamp": "2026-01-26T21:29:54.289234Z", "level": "INFO", "logger": "backend.logs.log_store", "message": "Logging configured - Level: INFO, File: ./logs/log_file/spoxpro.log", "module": "log_store", "function": "setup_logging", "line": 133}
{"timestamp": "2026-01-26T21:29:54.289234Z", "level": "INFO", "logger": "backend.db.main", "message": "Starting database initialization...", "module": "main", "function": "init_database", "line": 46}
{"timestamp": "2026-01-26T21:29:54.302473Z", "level": "INFO", "logger": "backend.config.database", "message": "Database connection successful", "module": "database", "function": "check_database_connection", "line": 77}
{"timestamp": "2026-01-26T21:29:54.303492Z", "level": "INFO", "logger": "backend.db.main", "message": "SQLite constraints and pragmas configured", "module": "main", "function": "_setup_sqlite_constraints", "line": 101}
{"timestamp": "2026-01-26T21:29:54.350779Z", "level": "INFO", "logger": "backend.db.main", "message": "All database models imported successfully", "module": "main", "function": "_import_all_models", "line": 113}
{"timestamp": "2026-01-26T21:29:54.361743Z", "level": "INFO", "logger": "backend.config.database", "message": "Database tables created successfully", "module": "database", "function": "create_database_tables", "line": 55}
{"timestamp": "2026-01-26T21:29:54.363756Z", "level": "INFO", "logger": "backend.db.main", "message": "All expected tables created: ['product_types', 'categories', 'sport_types', 'materials', 'users', 'verification_codes', 'products', 'orders', 'product_sizes', 'cart_items', 'order_items']", "module": "main", "function": "_verify_tables_created", "line": 139}
{"timestamp": "2026-01-26T21:29:54.363756Z", "level": "INFO", "logger": "backend.config.database", "message": "Database connection successful", "module": "database", "function": "check_database_connection", "line": 77}
{"timestamp": "2026-01-26T21:29:54.363756Z", "level": "INFO", "logger": "backend.db.main", "message": "Database initialized successfully: {'url': 'sqlite:///./spoxpro.db', 'echo': False, 'engine': 'Engine(sqlite:///./spoxpro.db)', 'connection_active': True}", "module": "main", "function": "init_database", "line": 78}
{"timestamp": "2026-01-26T21:29:54.363756Z", "level": "INFO", "logger": "backend.config.database", "message": "Database connection successful", "module": "database", "function": "check_database_connection", "line": 77}
{"timestamp": "2026-01-26T21:29:54.363756Z", "level": "INFO", "logger": "backend.config.database", "message": "Database connection successful", "module": "database", "function": "check_database_connection", "line": 77}
{"timestamp": "2026-01-26T21:30:09.441700Z", "level": "INFO", "logger": "backend.logs.log_store", "message": "Logging configured - Level: INFO, File: ./logs/log_file/spoxpro.log", "module": "log_store", "function": "setup_logging", "line": 133}
{"timestamp": "2026-01-26T21:30:09.442799Z", "level": "INFO", "logger": "backend.db.main", "message": "Starting database initialization...", "module": "main", "function": "init_database", "line": 46}
{"timestamp": "2026-01-26T21:30:09.447645Z", "level": "INFO", "logger": "backend.config.database", "message": "Database connection successful", "module": "database", "function": "check_database_connection", "line": 77}
{"timestamp": "2026-01-26T21:30:09.457288Z", "level": "INFO", "logger": "backend.db.main", "message": "SQLite constraints and pragmas configured", "module": "main", "function": "_setup_sqlite_constraints", "line": 111}
{"timestamp": "2026-01-26T21:30:09.496879Z", "level": "INFO", "logger": "backend.db.main", "message": "All database models imported successfully", "module": "main", "function": "_import_all_models", "line": 123}
{"timestamp": "2026-01-26T21:30:09.501883Z", "level": "INFO", "logger": "backend.config.database", "message": "Database tables created successfully", "module": "database", "function": "create_database_tables", "line": 55}
{"timestamp": "2026-01-26T21:30:09.503876Z", "level": "INFO", "logger": "backend.db.main", "message": "All expected tables created: ['product_types', 'categories', 'sport_types', 'materials', 'users', 'verification_codes', 'products', 'orders', 'product_sizes', 'cart_items', 'order_items']", "module": "main", "function": "_verify_tables_created", "line": 149}
{"timestamp": "2026-01-26T21:30:09.504876Z", "level": "INFO", "logger": "backend.config.database", "message": "Database connection successful", "module": "database", "function": "check_database_connection", "line": 77}
{"timestamp": "2026-01-26T21:30:09.504876Z", "level": "INFO", "logger": "backend.db.main", "message": "Database initialized successfully: {'url': 'sqlite:///./spoxpro.db', 'echo': False, 'engine': 'Engine(sqlite:///./spoxpro.db)', 'connection_active': True}", "module": "main", "function": "init_database", "line": 78}
{"timestamp": "2026-01-26T21:30:09.505878Z", "level": "INFO", "logger": "backend.config.database", "message": "Database connection successful", "module": "database", "function": "check_database_connection", "line": 77}
{"timestamp": "2026-01-26T21:30:09.505878Z", "level": "INFO", "logger": "backend.config.database", "message": "Database connection successful", "module": "database", "function": "check_database_connection", "line": 77}
{"timestamp": "2026-01-26T21:31:30.227778Z", "level": "INFO", "logger": "backend.logs.log_store", "message": "Logging configured - Level: INFO, File: ./logs/log_file/spoxpro.log", "module": "log_store", "function": "setup_logging", "line": 133}
{"timestamp": "2026-01-26T21:31:30.228770Z", "level": "INFO", "logger": "__main__", "message": "Application startup initiated", "module": "startup_example", "function": "startup_application", "line": 30}
{"timestamp": "2026-01-26T21:31:30.230770Z", "level": "INFO", "logger": "__main__", "message": "Configuration validated for environment: development", "module": "startup_example", "function": "startup_application", "line": 37}
{"timestamp": "2026-01-26T21:31:30.231769Z", "level": "INFO", "logger": "backend.db.main", "message": "Starting database initialization...", "module": "main", "function": "init_database", "line": 46}
{"timestamp": "2026-01-26T21:31:30.236780Z", "level": "INFO", "logger": "backend.config.database", "message": "Database connection successful", "module": "database", "function": "check_database_connection", "line": 77}
{"timestamp": "2026-01-26T21:31:30.243235Z", "level": "INFO", "logger": "backend.db.main", "message": "SQLite constraints and pragmas configured", "module": "main", "function": "_setup_sqlite_constraints", "line": 111}
{"timestamp": "2026-01-26T21:31:30.290300Z", "level": "INFO", "logger": "backend.db.main", "message": "All database models imported successfully", "module": "main", "function": "_import_all_models", "line": 123}
{"timestamp": "2026-01-26T21:31:30.294697Z", "level": "INFO", "logger": "backend.config.database", "message": "Database tables created successfully", "module": "database", "function": "create_database_tables", "line": 55}
{"timestamp": "2026-01-26T21:31:30.298813Z", "level": "INFO", "logger": "backend.db.main", "message": "All expected tables created: ['product_types', 'categories', 'sport_types', 'materials', 'users', 'verification_codes', 'products', 'orders', 'product_sizes', 'cart_items', 'order_items']", "module": "main", "function": "_verify_tables_created", "line": 149}
{"timestamp": "2026-01-26T21:31:30.299248Z", "level": "INFO", "logger": "backend.config.database", "message": "Database connection successful", "module": "database", "function": "check_database_connection", "line": 77}
{"timestamp": "2026-01-26T21:31:30.299248Z", "level": "INFO", "logger": "backend.db.main", "message": "Database initialized successfully: {'url': 'sqlite:///./spoxpro.db', 'echo': False, 'engine': 'Engine(sqlite:///./spoxpro.db)', 'connection_active': True}", "module": "main", "function": "init_database", "line": 78}
{"timestamp": "2026-01-26T21:31:30.300550Z", "level": "INFO", "logger": "__main__", "message": "Database initialization successful", "module": "startup_example", "function": "startup_application", "line": 43}
{"timestamp": "2026-01-26T21:31:30.301552Z", "level": "INFO", "logger": "backend.config.database", "message": "Database connection successful", "module": "database", "function": "check_database_connection", "line": 77}
{"timestamp": "2026-01-26T21:31:30.302545Z", "level": "INFO", "logger": "backend.config.database", "message": "Database connection successful", "module": "database", "function": "check_database_connection", "line": 77}
{"timestamp": "2026-01-26T21:31:30.303552Z", "level": "INFO", "logger": "__main__", "message": "Application health check passed", "module": "startup_example", "function": "startup_application", "line": 54}
{"timestamp": "2026-01-26T21:31:30.303552Z", "level": "INFO", "logger": "__main__", "message": "Application is ready to serve requests", "module": "startup_example", "function": "startup_application", "line": 66}
{"timestamp": "2026-01-27T14:50:43.609611Z", "level": "INFO", "logger": "logs.log_store", "message": "Logging configured - Level: INFO, File: ./logs/log_file/spoxpro.log", "module": "log_store", "function": "setup_logging", "line": 135}
{"timestamp": "2026-01-27T14:50:47.276011Z", "level": "INFO", "logger": "watchfiles.main", "message": "1 change detected", "module": "main", "function": "_log_changes", "line": 308}
{"timestamp": "2026-01-27T14:50:47.630493Z", "level": "INFO", "logger": "watchfiles.main", "message": "2 changes detected", "module": "main", "function": "_log_changes", "line": 308}
{"timestamp": "2026-01-27T14:50:57.008057Z", "level": "INFO", "logger": "watchfiles.main", "message": "1 change detected", "module": "main", "function": "_log_changes", "line": 308}
{"timestamp": "2026-01-27T14:52:24.709252Z", "level": "INFO", "logger": "watchfiles.main", "message": "1 change detected", "module": "main", "function": "_log_changes", "line": 308}
{"timestamp": "2026-01-27T14:55:09.976092Z", "level": "INFO", "logger": "watchfiles.main", "message": "1 change detected", "module": "main", "function": "_log_changes", "line": 308}
{"timestamp": "2026-01-27T14:55:11.798490Z", "level": "INFO", "logger": "watchfiles.main", "message": "4 changes detected", "module": "main", "function": "_log_changes", "line": 308}
{"timestamp": "2026-01-27T14:55:15.978132Z", "level": "INFO", "logger": "watchfiles.main", "message": "5 changes detected", "module": "main", "function": "_log_changes", "line": 308}
{"timestamp": "2026-01-27T14:55:17.646724Z", "level": "INFO", "logger": "watchfiles.main", "message": "2 changes detected", "module": "main", "function": "_log_changes", "line": 308}
{"timestamp": "2026-01-27T14:55:24.764872Z", "level": "INFO", "logger": "logs.log_store", "message": "Logging configured - Level: INFO, File: ./logs/log_file/spoxpro.log", "module": "log_store", "function": "setup_logging", "line": 135}
{"timestamp": "2026-01-27T14:55:28.118265Z", "level": "INFO", "logger": "watchfiles.main", "message": "2 changes detected", "module": "main", "function": "_log_changes", "line": 308}
{"timestamp": "2026-01-27T14:56:05.552138Z", "level": "INFO", "logger": "watchfiles.main", "message": "1 change detected", "module": "main", "function": "_log_changes", "line": 308}
{"timestamp": "2026-01-27T14:56:54.204930Z", "level": "INFO", "logger": "watchfiles.main", "message": "1 change detected", "module": "main", "function": "_log_changes", "line": 308}
